<?xml version="1.0" encoding="UTF-8"?>
<testng-results skipped="0" failed="0" ignored="0" total="1" passed="1">
  <reporter-output>
  </reporter-output>
  <suite name="Suite" duration-ms="11481" started-at="2019-06-07T06:03:26Z" finished-at="2019-06-07T06:03:38Z">
    <groups>
    </groups>
    <test name="Test" duration-ms="11481" started-at="2019-06-07T06:03:26Z" finished-at="2019-06-07T06:03:38Z">
      <class name="test1.tc1Test">
        <test-method status="PASS" signature="test1()[pri:0, instance:test1.tc1Test@224edc67]" name="test1" duration-ms="11402" started-at="2019-06-07T06:03:26Z" finished-at="2019-06-07T06:03:38Z">
          <reporter-output>
          </reporter-output>
        </test-method> <!-- test1 -->
      </class> <!-- test1.tc1Test -->
    </test> <!-- Test -->
  </suite> <!-- Suite -->
</testng-results>
